Total memory usage:  1868.52734375 MB
Total memory usage:  8438.63671875 MB
X:          F1  F2  F3   F4  F5  F6  ...  F9498  F9499  F9500  F9501  F9502  F9503
0       127   0   0   50   1   0  ...      0      0    0.0    0.0    0.0    0.0
1        67   0   0   11  13   1  ...      0      0    0.0    0.0    0.0    0.0
2        23   0   0   12   5   2  ...      0      0    0.0    0.0    0.0    0.0
3         5   0   0    9   1   4  ...      0      0    0.0    0.0    0.0    0.0
4        23   0   0   12   5   2  ...      0      0    0.0    0.0    0.0    0.0
...     ...  ..  ..  ...  ..  ..  ...    ...    ...    ...    ...    ...    ...
357781  122   1   0   18   1   0  ...      0      0    0.0    0.0    0.0    0.0
357782    0   0   0    8   0   0  ...      0      0    0.0    0.0    0.0    0.0
357783    1   0   0  184   1   2  ...      0      0    0.0    0.0    0.0    0.0
357784    1   0   0  148   0   0  ...      0      0    0.0    0.0    0.0    0.0
357785    1   0   0  148   0   0  ...      0      0    0.0    0.0    0.0    0.0

[357786 rows x 9417 columns]
y: 0        -1
1        -1
2        -1
3        -1
4        -1
         ..
357781   -1
357782   -1
357783   -1
357784   -1
357785   -1
Name: Label, Length: 357786, dtype: int64
Performing PCA ...
Number of components at the elbow point: 2426
Number of components above the threshold: 258
Number of components: 259
(357786, 9418)
Total memory usage:  17688.2578125 MB
**********************
Creating Training data ... 
Training Dataset Shape:  (331673, 9418)
Total number of records in RDF:  331673
Total memory usage:  17706.95703125 MB
X shape:  (331673, 9417)
y shape:  (331673,)
Test/Before Oversampling
Normalizing Training data ... 
Applying PCA on Training data ... 
PCA done ... 
**********************
Creating Testing data ... 
Zeroday Dataset Shape:  (26678, 9418)
Normalizing Testing data ... 
Applying PCA on Testing data ... 
PCA done ... 
[[-1.7071390e+00  3.0103672e-01  1.1809272e+00 ... -8.6151501e-03
   2.9974736e-04 -3.8568629e-03]
 [ 6.5938562e-02 -5.1638700e-02 -1.1429054e+00 ... -1.1314434e-02
   6.8403520e-02 -6.0492262e-02]
 [-2.1769092e+00 -4.3973026e-01 -4.7439745e-01 ... -1.5432867e-03
  -2.3295381e-03 -3.7768481e-03]
 ...
 [-1.4576023e+00  6.0629594e-01  7.7140772e-01 ... -8.3872832e-02
  -3.4345601e-02  2.2674054e-02]
 [-1.9024493e+00 -3.3938754e-01 -4.3981606e-01 ... -3.2459432e-03
   3.7185953e-03 -3.0788011e-03]
 [-1.3196340e+00  7.5307593e-02  4.7958683e-02 ...  4.1704297e-02
   6.4558171e-02 -3.1740166e-02]] [ 1 -1  1 ...  1  1  1] [[-6.28784522e-02 -3.20896655e-01 -1.59823442e+00 ... -4.31215065e-03
  -1.39330607e-03  1.12986658e-02]
 [ 3.53414154e+00 -2.68273711e+00  6.91974103e-01 ...  4.30878827e-05
   1.01688471e-04  1.71602969e-05]
 [-1.97214794e+00 -4.22498435e-01  2.77987450e-01 ...  5.11540275e-04
   1.88361024e-04  1.87654234e-03]
 ...
 [ 6.44780755e-01  9.69938099e-01  1.21770751e+00 ...  5.76840080e-02
   1.14349671e-01  1.86539471e-01]
 [-5.13166375e-02 -1.20971739e-01 -1.38751864e-01 ...  8.03141519e-02
  -3.96953486e-02  1.08109675e-01]
 [ 1.65014994e+00  8.48044902e-02  2.07935959e-01 ... -1.20669551e-01
  -3.53996493e-02  3.19126509e-02]] [-1 -1  1 ...  1 -1  1]
<class 'numpy.ndarray'> <class 'numpy.ndarray'> <class 'numpy.ndarray'> <class 'numpy.ndarray'>
Qboost
Number of features: 259
Number of training samples: 362719
Carrying out cross validation. Crossval:  True
Performing cross-validation using 10 values of lambda, this make take several minutes...
lambda  n_features score:
0.0000  245        0.770 
0.0008  131        0.804 
0.0015  26         0.788 
0.0023  4          0.844 
0.0030  1          0.890 
0.0038  1          0.890 
0.0045  1          0.890 
0.0053  1          0.890 
0.0060  0          0.000 
0.0068  0          0.000 
Best Classifier:  <qboost.qboost.QBoostClassifier object at 0x7fd4d0731f70>
Best lambda value:  0.003003003003003003
Lambda value:  0.003003003003003003
QBoost Training time in seconds : 38.65385850286111
Total memory usage:  15013.10546875 MB
Number of test samples: 26678
<class 'numpy.ndarray'>
y_pred:  [-1. -1.  1. ... -1. -1. -1.]
QBoost Prediction time in seconds : 0.0017726458609104156
[-1. -1.  1. ... -1. -1. -1.]
[[11289  2050]
 [ 4390  8949]]
Test AUC-Score: 0.7586025938975935
Test Time taken:  0.0017726458609104156 seconds
Reporting Result ...
Saved...
Random Forest
Start cross-validation ...
Cross-validation complete ...
Average Accuracy (Cross-Val): 0.983
Average Standard Deviation (Cross-Val): 0.000
Training Time  (Training Data):  350.6722779329866  seconds
Prediction Time (Training Data):  3.2214569309726357  seconds
[[182228     43]
 [   270 180178]]
Training AUC-Score: 0.9991339058022661
Total memory usage:  15028.5390625 MB
[[ 9607  3732]
 [ 1200 12139]]
Test AUC-Score: 0.815128570357598
Test Time taken:  0.25841490272432566 seconds
Reporting Result ...
Saved...
Done
