Total memory usage:  1838.21484375 MB
Total memory usage:  8410.15625 MB
X:          F1  F2  F3   F4  F5  F6  F7  F8  ...  F9496  F9497  F9498  F9499  F9500  F9501  F9502  F9503
0       127   0   0   50   1   0   9  36  ...      0      0      0      0    0.0    0.0    0.0    0.0
1        67   0   0   11  13   1   0  12  ...      0      0      0      0    0.0    0.0    0.0    0.0
2        23   0   0   12   5   2   1  30  ...      0      0      0      0    0.0    0.0    0.0    0.0
3         5   0   0    9   1   4   1  27  ...      0      0      0      0    0.0    0.0    0.0    0.0
4        23   0   0   12   5   2   1  30  ...      0      0      0      0    0.0    0.0    0.0    0.0
...     ...  ..  ..  ...  ..  ..  ..  ..  ...    ...    ...    ...    ...    ...    ...    ...    ...
357781  122   1   0   18   1   0   1   4  ...      0      0      0      0    0.0    0.0    0.0    0.0
357782    0   0   0    8   0   0   0   0  ...      0      0      0      0    0.0    0.0    0.0    0.0
357783    1   0   0  184   1   2   0  17  ...      0      0      0      0    0.0    0.0    0.0    0.0
357784    1   0   0  148   0   0   0   6  ...      0      0      0      0    0.0    0.0    0.0    0.0
357785    1   0   0  148   0   0   0   6  ...      0      0      0      0    0.0    0.0    0.0    0.0

[357786 rows x 9417 columns]
y: 0        -1
1        -1
2        -1
3        -1
4        -1
         ..
357781   -1
357782   -1
357783   -1
357784   -1
357785   -1
Name: Label, Length: 357786, dtype: int64
Performing PCA ...
Number of components at the elbow point: 2426
Number of components above the threshold: 258
Number of components: 259
(357786, 9418)
Total memory usage:  17663.05859375 MB
**********************
Creating Training data ... 
Training Dataset Shape:  (331606, 9418)
Total number of records in RDF:  331606
Total memory usage:  17681.76953125 MB
X shape:  (331606, 9417)
y shape:  (331606,)
Test/Before Oversampling
Normalizing Training data ... 
Applying PCA on Training data ... 
PCA done ... 
**********************
Creating Testing data ... 
Zeroday Dataset Shape:  (26678, 9418)
Normalizing Testing data ... 
Applying PCA on Testing data ... 
PCA done ... 
[[-2.56250095e+00 -2.82363445e-01  7.71121755e-02 ... -7.43294582e-02
  -1.17276281e-01 -1.83236524e-02]
 [-2.49214983e+00 -4.89569485e-01 -7.55857706e-01 ... -1.44172052e-03
  -1.63366797e-03 -1.60351058e-03]
 [ 3.77936387e+00 -1.08378458e+00  7.93115675e-01 ...  9.83913336e-03
  -1.28102815e-02 -1.16304345e-02]
 ...
 [-2.00937772e+00 -1.14079319e-01 -1.18643150e-01 ...  1.89754181e-03
  -1.13899056e-02  9.73628554e-03]
 [-1.55279505e+00 -6.73272240e-04 -1.87282041e-01 ... -3.16855637e-03
  -1.77662456e-04  8.88110697e-03]
 [-1.37301612e+00  5.75423054e-02 -3.50951821e-01 ... -1.44855306e-02
  -5.23764594e-03  4.99855960e-03]] [ 1  1 -1 ...  1  1  1] [[-1.0495652e+00  1.9521841e-01 -9.8324590e-04 ...  1.4988984e-02
  -6.4802002e-03 -1.5574202e-03]
 [ 2.5884917e-01  1.5369073e+00  1.4120761e+00 ...  9.1608847e-03
   2.0761283e-02 -1.9420091e-02]
 [-1.5675581e+00 -3.6276180e-01 -2.0447743e-01 ...  1.3382736e-03
   1.5678352e-03 -5.4996967e-04]
 ...
 [-1.4761119e+00 -3.2217007e-02 -7.0205975e-01 ... -9.6083997e-04
  -2.4490401e-03  1.8056204e-03]
 [ 2.1458073e+00 -5.2619497e-03 -1.4290751e+00 ... -1.2323453e-02
   8.4601864e-02 -5.3471111e-02]
 [ 4.0595773e-01 -6.1247039e-01 -7.3807013e-01 ... -1.2499069e-02
   3.3021672e-03 -2.2375684e-02]] [ 1  1  1 ...  1 -1 -1]
<class 'numpy.ndarray'> <class 'numpy.ndarray'> <class 'numpy.ndarray'> <class 'numpy.ndarray'>
Qboost
Number of features: 259
Number of training samples: 362719
Lambda value:  0.00375
QBoost Training time in seconds : 37.999504358973354
Total memory usage:  9400.6953125 MB
Number of test samples: 26678
<class 'numpy.ndarray'>
y_pred:  [ 1. -1.  1. ...  1. -1. -1.]
QBoost Prediction time in seconds : 0.00179352518171072
[ 1. -1.  1. ...  1. -1. -1.]
[[11288  2051]
 [ 4338  9001]]
Test AUC-Score: 0.760514281430392
Test Time taken:  0.00179352518171072 seconds
Reporting Result ...
Saved...
Random Forest
Start cross-validation ...
Cross-validation complete ...
Average Accuracy (Cross-Val): 0.983
Average Standard Deviation (Cross-Val): 0.000
Training Time  (Training Data):  351.3278508740477  seconds
Prediction Time (Training Data):  3.166472553741187  seconds
[[182232     39]
 [   283 180165]]
Training AUC-Score: 0.9991088570171198
Total memory usage:  9451.69140625 MB
[[ 9612  3727]
 [ 1056 12283]]
Test AUC-Score: 0.8207136966789115
Test Time taken:  0.26519637601450086 seconds
Reporting Result ...
Saved...
Done
