25
Total memory usage:  1874.06640625 MB
Total memory usage:  8445.078125 MB
(357786, 9418)
Total memory usage:  17657.69921875 MB
**********************
Creating Training data ... 
Training Dataset Shape:  (331627, 9418)
Total number of records in RDF:  331627
Total memory usage:  17675.6640625 MB
X shape:  (331627, 9417)
y shape:  (331627,)
Test/Before Oversampling
Normalizing Training data ... 
Applying PCA on Training data ... 
PCA done ... 
**********************
Creating Testing data ... 
Zeroday Dataset Shape:  (26678, 9418)
Normalizing Testing data ... 
Applying PCA on Testing data ... 
PCA done ... 
[[ 3.949016    3.3086753  -0.4464879  ...  0.02040001  0.01046316
  -0.01483849]
 [-0.8474501  -0.03870149 -0.37981236 ...  0.26724136  0.19710936
  -0.4519727 ]
 [-2.5118954  -0.5357657  -0.8072683  ...  0.29127464 -0.01064415
   0.14938901]
 ...
 [-1.6886362  -0.22615859 -0.22918493 ... -0.60906565 -0.17922218
  -0.27123198]
 [-2.4543362  -0.4950906  -0.7280985  ...  0.00764325  0.04440929
  -0.2665467 ]
 [-2.3286386  -0.4279254  -0.5671203  ... -0.04610024 -0.1362324
  -0.3178181 ]] [-1 -1  1 ...  1  1  1] [[-1.964424   -0.4149826   0.296841   ... -0.02262894 -0.09860139
  -0.13988434]
 [-0.7217583  -0.3277107   0.13916293 ... -0.45578027 -0.4120342
   0.10645483]
 [-1.5444311  -0.35989285  0.01590218 ... -0.2134565   0.15388492
  -0.1308803 ]
 ...
 [ 2.4764638  -0.6864358  -0.7137077  ...  0.21825628 -0.5263254
  -0.18618019]
 [-1.7002821  -0.22136027  0.22051728 ... -0.07514731 -0.15289363
  -0.14846526]
 [-1.0905539   0.2521666   0.5310263  ... -0.1830026  -0.07382497
  -0.10989482]] [ 1  1  1 ... -1  1  1]
<class 'numpy.ndarray'> <class 'numpy.ndarray'> <class 'numpy.ndarray'> <class 'numpy.ndarray'>
Qboost
Number of features: 25
Number of training samples: 362719
Carrying out cross validation. Crossval:  True
Performing cross-validation using 10 values of lambda, this make take several minutes...
lambda  n_features score:
0.0000  19         0.868 
0.0078  17         0.869 
0.0156  6          0.817 
0.0233  3          0.834 
0.0311  1          0.889 
0.0389  1          0.889 
0.0467  1          0.889 
0.0544  1          0.889 
0.0622  0          0.000 
0.0700  0          0.000 
Best Classifier:  <qboost.qboost.QBoostClassifier object at 0x7f4856c42a90>
Best lambda value:  0.03111111111111111
Lambda value:  0.03111111111111111
QBoost Training time in seconds : 13.483107240870595
Total memory usage:  14971.96875 MB
Number of test samples: 26678
<class 'numpy.ndarray'>
y_pred:  [ 1. -1.  1. ... -1.  1.  1.]
QBoost Prediction time in seconds : 0.0018267887644469738
[ 1. -1.  1. ... -1.  1.  1.]
[[11296  2043]
 [ 4255  9084]]
Test AUC-Score: 0.763925331734013
Test Time taken:  0.0018267887644469738 seconds
Reporting Result ...
Saved...
Random Forest
Start cross-validation ...
Cross-validation complete ...
Average Accuracy (Cross-Val): 0.983
Average Standard Deviation (Cross-Val): 0.000
Training Time  (Training Data):  97.8615793469362  seconds
Prediction Time (Training Data):  1.9158954760059714  seconds
[[182218     53]
 [   265 180183]]
Training AUC-Score: 0.9991203285276783
Total memory usage:  14977.66796875 MB
[[10673  2666]
 [ 1691 11648]]
Test AUC-Score: 0.83668191018817
Test Time taken:  0.14090482704341412 seconds
Reporting Result ...
Saved...
Done with PCA components:  25
50
Total memory usage:  14977.66796875 MB
Total memory usage:  18282.64453125 MB
(357786, 9418)
Total memory usage:  18386.20703125 MB
**********************
Creating Training data ... 
Training Dataset Shape:  (331631, 9418)
Total number of records in RDF:  331631
Total memory usage:  18401.921875 MB
X shape:  (331631, 9417)
y shape:  (331631,)
Test/Before Oversampling
Normalizing Training data ... 
Applying PCA on Training data ... 
PCA done ... 
**********************
Creating Testing data ... 
Zeroday Dataset Shape:  (26678, 9418)
Normalizing Testing data ... 
Applying PCA on Testing data ... 
PCA done ... 
[[-2.9514578e-01  3.7607870e-01 -2.2309327e-01 ...  3.2732170e-02
  -7.2090042e-01  2.4822271e-01]
 [ 3.4971559e+00 -2.1655242e+00  1.0626440e+00 ... -3.7701417e-02
   1.7915303e-02  5.0386827e-02]
 [-2.0640013e+00 -1.2860025e-01 -3.6235732e-01 ...  4.4052627e-02
  -2.0098092e-01 -4.3643773e-02]
 ...
 [-1.6048615e+00  4.5540008e-01  1.4105086e+00 ... -4.8700178e-01
   2.0475484e-01  1.6053542e-01]
 [-2.0578201e+00 -1.1519360e-01 -2.2214334e-01 ... -7.3756777e-02
   2.4613388e-01 -2.6643085e-01]
 [-2.1908479e+00 -3.7391028e-01 -5.3822231e-01 ...  2.9333224e-04
  -9.4376929e-02  8.8471740e-02]] [ 1 -1  1 ...  1  1  1] [[-1.8018031e+00 -4.1878510e-01  8.5267864e-02 ... -4.2894244e-02
   1.2442263e-02 -1.7312367e-02]
 [ 3.5414515e+00 -2.6787324e+00  6.9116598e-01 ... -7.8335134e-03
   2.4264052e-03  1.5802063e-03]
 [-1.9620163e+00 -4.1660741e-01  2.9132643e-01 ...  4.4875247e-03
   1.9589934e-02 -1.8153312e-02]
 ...
 [ 1.4739825e+00  4.8707211e-01 -8.5422152e-01 ... -1.7502616e-01
  -7.3723015e-03 -3.3003715e-01]
 [-1.9626877e+00 -4.1736111e-01  2.9173729e-01 ...  1.8373806e-03
   2.0732507e-02 -1.8325943e-02]
 [ 3.5414515e+00 -2.6787381e+00  6.9110757e-01 ... -7.9332208e-03
   2.4305717e-03  1.5289944e-03]] [ 1 -1  1 ...  1  1 -1]
<class 'numpy.ndarray'> <class 'numpy.ndarray'> <class 'numpy.ndarray'> <class 'numpy.ndarray'>
Qboost
Number of features: 50
Number of training samples: 362719
Carrying out cross validation. Crossval:  True
Performing cross-validation using 10 values of lambda, this make take several minutes...
lambda  n_features score:
0.0000  44         0.841 
0.0039  30         0.853 
0.0078  7          0.815 
0.0117  3          0.835 
0.0156  1          0.890 
0.0194  1          0.890 
0.0233  1          0.890 
0.0272  1          0.890 
0.0311  0          0.000 
0.0350  0          0.000 
Best Classifier:  <qboost.qboost.QBoostClassifier object at 0x7f4857031550>
Best lambda value:  0.015555555555555555
Lambda value:  0.015555555555555555
QBoost Training time in seconds : 16.869608369190246
Total memory usage:  15478.15625 MB
Number of test samples: 26678
<class 'numpy.ndarray'>
y_pred:  [ 1. -1.  1. ... -1.  1. -1.]
QBoost Prediction time in seconds : 0.001846873201429844
[ 1. -1.  1. ... -1.  1. -1.]
[[11295  2044]
 [ 4247  9092]]
Test AUC-Score: 0.764187720218907
Test Time taken:  0.001846873201429844 seconds
Reporting Result ...
Saved...
Random Forest
Start cross-validation ...
Cross-validation complete ...
Average Accuracy (Cross-Val): 0.983
Average Standard Deviation (Cross-Val): 0.000
Training Time  (Training Data):  151.1796405571513  seconds
Prediction Time (Training Data):  2.065287006087601  seconds
[[182227     44]
 [   282 180166]]
Training AUC-Score: 0.9990979120577829
Total memory usage:  15484.18359375 MB
[[10424  2915]
 [ 1847 11492]]
Test AUC-Score: 0.8215008621335932
Test Time taken:  0.16131382808089256 seconds
Reporting Result ...
Saved...
Done with PCA components:  50
75
Total memory usage:  15484.18359375 MB
Total memory usage:  18775.6953125 MB
(357786, 9418)
Total memory usage:  18578.08203125 MB
**********************
Creating Training data ... 
Training Dataset Shape:  (331644, 9418)
Total number of records in RDF:  331644
Total memory usage:  18591.26953125 MB
X shape:  (331644, 9417)
y shape:  (331644,)
Test/Before Oversampling
Normalizing Training data ... 
Applying PCA on Training data ... 
PCA done ... 
**********************
Creating Testing data ... 
Zeroday Dataset Shape:  (26678, 9418)
Normalizing Testing data ... 
Applying PCA on Testing data ... 
PCA done ... 
[[ 3.7561498e+00 -2.0320325e+00  1.1555495e+00 ... -1.0305360e-02
  -1.4587498e-03  4.6140659e-03]
 [ 3.4962459e+00 -2.1637683e+00  1.0655469e+00 ...  1.1108617e-02
  -1.3718365e-02 -2.0261339e-03]
 [ 3.7013628e+00 -3.5627443e-01 -2.4853899e+00 ...  1.0003003e-02
   1.9053953e-02  6.1626821e-03]
 ...
 [-1.9473954e+00  3.0914096e-02  9.6287084e-01 ...  4.8647765e-02
  -8.3025172e-03 -4.9892176e-02]
 [-2.0550475e+00 -3.9112994e-01 -4.1373390e-01 ...  2.5594033e-02
  -4.7994805e-03 -3.6099464e-02]
 [-1.8577899e+00 -4.7590050e-01 -8.1471306e-01 ... -6.4718693e-02
  -1.2767202e-01 -1.5695961e-01]] [-1 -1 -1 ...  1  1  1] [[ 3.54014826e+00 -2.67924142e+00  7.00134277e-01 ...  4.23669640e-04
   1.24002656e-03  3.72317067e-04]
 [ 3.54012394e+00 -2.67925215e+00  7.00069189e-01 ...  4.08705353e-04
   1.31541875e-03  1.10005225e-04]
 [-8.73985410e-01  3.15584898e-01 -1.76217884e-01 ... -4.77894619e-02
  -3.27206254e-02  6.99935555e-02]
 ...
 [-5.94151974e-01  7.99287319e-01  1.54596591e+00 ... -8.15077126e-02
   3.89521644e-02 -1.33384783e-02]
 [-1.96638727e+00 -4.18376237e-01  2.80184388e-01 ...  6.92877918e-04
   1.06223142e-02  1.42425634e-02]
 [ 4.81556147e-01  1.42859232e+00  9.82586980e-01 ...  2.48374313e-01
   4.20826823e-02  2.70233333e-01]] [-1 -1  1 ...  1  1  1]
<class 'numpy.ndarray'> <class 'numpy.ndarray'> <class 'numpy.ndarray'> <class 'numpy.ndarray'>
Qboost
Number of features: 75
Number of training samples: 362719
Carrying out cross validation. Crossval:  True
Performing cross-validation using 10 values of lambda, this make take several minutes...
lambda  n_features score:
0.0000  74         0.828 
0.0026  43         0.842 
0.0052  9          0.819 
0.0078  4          0.841 
0.0104  1          0.889 
0.0130  1          0.889 
0.0156  1          0.889 
0.0181  1          0.889 
0.0207  0          0.000 
0.0233  0          0.000 
Best Classifier:  <qboost.qboost.QBoostClassifier object at 0x7f4856b69e50>
Best lambda value:  0.01037037037037037
Lambda value:  0.01037037037037037
QBoost Training time in seconds : 19.09018877800554
Total memory usage:  15663.640625 MB
Number of test samples: 26678
<class 'numpy.ndarray'>
y_pred:  [-1. -1.  1. ... -1.  1. -1.]
QBoost Prediction time in seconds : 0.002258273772895336
[-1. -1.  1. ... -1.  1. -1.]
[[11296  2043]
 [ 4316  9023]]
Test AUC-Score: 0.7616388035085089
Test Time taken:  0.002258273772895336 seconds
Reporting Result ...
Saved...
Random Forest
Start cross-validation ...
Cross-validation complete ...
Average Accuracy (Cross-Val): 0.983
Average Standard Deviation (Cross-Val): 0.001
Training Time  (Training Data):  172.05532096279785  seconds
Prediction Time (Training Data):  2.125808621291071  seconds
[[182229     42]
 [   290 180158]]
Training AUC-Score: 0.999081231343167
Total memory usage:  15958.31640625 MB
[[10603  2736]
 [ 1624 11715]]
Test AUC-Score: 0.8365694579803583
Test Time taken:  0.1661467459052801 seconds
Reporting Result ...
Saved...
Done with PCA components:  75
100
Total memory usage:  15958.46875 MB
Total memory usage:  19254.453125 MB
(357786, 9418)
Total memory usage:  18798.13671875 MB
**********************
Creating Training data ... 
Training Dataset Shape:  (331644, 9418)
Total number of records in RDF:  331644
Total memory usage:  18812.81640625 MB
X shape:  (331644, 9417)
y shape:  (331644,)
Test/Before Oversampling
Normalizing Training data ... 
Applying PCA on Training data ... 
PCA done ... 
**********************
Creating Testing data ... 
Zeroday Dataset Shape:  (26678, 9418)
Normalizing Testing data ... 
Applying PCA on Testing data ... 
PCA done ... 
[[-1.6106875  -0.32563165 -0.63225466 ... -0.02137768  0.00594052
  -0.03670043]
 [-1.421182    0.52030146  1.4022537  ... -0.03870181 -0.13430017
   0.0425955 ]
 [-1.2879263  -0.2913821  -0.8206461  ... -0.0061236  -0.03915878
  -0.05244811]
 ...
 [-2.2148986  -0.32109478 -0.5743139  ...  0.05891092 -0.00795555
  -0.01548695]
 [-1.8718982   0.00538844 -0.09423189 ... -0.03804642 -0.04686638
   0.02642245]
 [-2.2936165  -0.0700285   0.55358285 ...  0.01409415  0.03411409
  -0.00426237]] [ 1  1 -1 ...  1  1  1] [[ 8.8287395e-01 -4.1734934e-02 -2.8332174e-03 ... -2.0121004e-01
  -2.7343299e-02  5.8038365e-02]
 [-1.9462804e+00 -3.8815331e-01  2.9518142e-01 ... -5.3569753e-02
   4.7566447e-02  4.7462884e-02]
 [ 3.8891935e+00  3.6548796e+00  1.6204850e-01 ...  4.0982841e-03
  -6.2478229e-04 -9.3836151e-04]
 ...
 [ 1.6004061e+00 -1.9560590e-01 -1.7848864e+00 ...  4.5607589e-02
   1.3440917e-01  5.5257861e-02]
 [ 9.4446605e-01 -1.1757271e-01 -6.3308966e-01 ... -6.7897797e-02
   1.6328219e-01  1.3700995e-01]
 [-1.6978378e+00 -2.8207076e-01 -1.0559970e-01 ...  5.6288075e-03
  -1.5756425e-02  5.5664916e-02]] [-1  1 -1 ... -1 -1 -1]
<class 'numpy.ndarray'> <class 'numpy.ndarray'> <class 'numpy.ndarray'> <class 'numpy.ndarray'>
Qboost
Number of features: 100
Number of training samples: 362719
Carrying out cross validation. Crossval:  True
Performing cross-validation using 10 values of lambda, this make take several minutes...
lambda  n_features score:
0.0000  100        0.820 
0.0019  57         0.846 
0.0039  13         0.806 
0.0058  4          0.843 
0.0078  1          0.891 
0.0097  1          0.891 
0.0117  1          0.891 
0.0136  1          0.891 
0.0156  0          0.000 
0.0175  0          0.000 
Best Classifier:  <qboost.qboost.QBoostClassifier object at 0x7f481d67fdc0>
Best lambda value:  0.0077777777777777776
Lambda value:  0.0077777777777777776
QBoost Training time in seconds : 21.299745158758014
Total memory usage:  15862.796875 MB
Number of test samples: 26678
<class 'numpy.ndarray'>
y_pred:  [-1.  1. -1. ... -1. -1.  1.]
QBoost Prediction time in seconds : 0.0018482082523405552
[-1.  1. -1. ... -1. -1.  1.]
[[11298  2041]
 [ 4254  9085]]
/mnt/harddisk/pal/.local/lib/python3.8/site-packages/sklearn/utils/_plotting.py:21: RuntimeWarning: More than 20 figures have been opened. Figures created through the pyplot interface (`matplotlib.pyplot.figure`) are retained until explicitly closed and may consume too much memory. (To control this warning, see the rcParam `figure.max_open_warning`). Consider using `matplotlib.pyplot.close()`.
  _, ax = plt.subplots()
Test AUC-Score: 0.7640377839418248
Test Time taken:  0.0018482082523405552 seconds
Reporting Result ...
Saved...
Random Forest
Start cross-validation ...
Cross-validation complete ...
Average Accuracy (Cross-Val): 0.983
Average Standard Deviation (Cross-Val): 0.000
Training Time  (Training Data):  221.29884974798188  seconds
Prediction Time (Training Data):  2.1823390149511397  seconds
[[182230     41]
 [   275 180173]]
Training AUC-Score: 0.9991255377317358
Total memory usage:  15872.96875 MB
[[10277  3062]
 [ 1441 11898]]
Test AUC-Score: 0.8312092360746681
Test Time taken:  0.17340349406003952 seconds
Reporting Result ...
Saved...
Done with PCA components:  100
125
Total memory usage:  15874.4453125 MB
Total memory usage:  19128.1171875 MB
(357786, 9418)
Total memory usage:  18929.48828125 MB
**********************
Creating Training data ... 
Training Dataset Shape:  (331678, 9418)
Total number of records in RDF:  331678
Total memory usage:  18943.06640625 MB
X shape:  (331678, 9417)
y shape:  (331678,)
Test/Before Oversampling
Normalizing Training data ... 
Applying PCA on Training data ... 
PCA done ... 
**********************
Creating Testing data ... 
Zeroday Dataset Shape:  (26678, 9418)
Normalizing Testing data ... 
Applying PCA on Testing data ... 
PCA done ... 
[[ 3.49623    -2.1675541   1.0593865  ...  0.00420453  0.00710415
   0.00411401]
 [ 2.6837113   0.9807116   0.34514746 ... -0.01461207  0.04549683
  -0.08241705]
 [-2.1883626  -0.38359094 -0.4862872  ... -0.01906206 -0.01026695
   0.04726791]
 ...
 [-2.3330715  -0.15295756  0.3835316  ...  0.01292376  0.022013
  -0.00984155]
 [-2.0775175  -0.31779644 -0.2926576  ...  0.015822   -0.01375796
   0.07293339]
 [-2.0449035   0.2543895   0.81706804 ... -0.01490297  0.00665461
   0.0110907 ]] [-1 -1  1 ...  1  1  1] [[-1.59555590e+00 -3.58632028e-01 -2.79024452e-01 ...  2.07610487e-04
   6.04569633e-03  6.64771022e-03]
 [-1.52792561e+00 -1.30009487e-01  7.78991163e-01 ... -1.80382039e-02
   1.84999639e-03  1.77182555e-02]
 [ 7.98094332e-01 -1.28935844e-01 -9.66336250e-01 ... -3.24983522e-02
  -9.63195711e-02  1.01788193e-01]
 ...
 [ 3.88640952e+00  3.62970209e+00  6.63600266e-02 ... -3.63125978e-03
   2.47938139e-03 -1.98622793e-03]
 [-1.63685644e+00 -4.21613455e-01  3.98270413e-02 ...  1.18551925e-02
   4.12418544e-02  1.19960429e-02]
 [ 3.88640952e+00  3.62970209e+00  6.63600266e-02 ... -3.63134686e-03
   2.47938395e-03 -1.98621675e-03]] [ 1  1 -1 ... -1  1 -1]
<class 'numpy.ndarray'> <class 'numpy.ndarray'> <class 'numpy.ndarray'> <class 'numpy.ndarray'>
Qboost
Number of features: 125
Number of training samples: 362719
Carrying out cross validation. Crossval:  True
Performing cross-validation using 10 values of lambda, this make take several minutes...
lambda  n_features score:
0.0000  123        0.815 
0.0016  67         0.829 
0.0031  15         0.797 
0.0047  4          0.841 
0.0062  1          0.889 
0.0078  1          0.889 
0.0093  1          0.889 
0.0109  1          0.889 
0.0124  0          0.000 
0.0140  0          0.000 
Best Classifier:  <qboost.qboost.QBoostClassifier object at 0x7f47416b4a90>
Best lambda value:  0.006222222222222223
Lambda value:  0.006222222222222223
QBoost Training time in seconds : 24.124076976906508
Total memory usage:  15997.48046875 MB
Number of test samples: 26678
<class 'numpy.ndarray'>
y_pred:  [ 1.  1. -1. ... -1.  1. -1.]
QBoost Prediction time in seconds : 0.0018346779979765415
[ 1.  1. -1. ... -1.  1. -1.]
[[11287  2052]
 [ 4360  8979]]
Test AUC-Score: 0.7596521478371693
Test Time taken:  0.0018346779979765415 seconds
Reporting Result ...
Saved...
Random Forest
Start cross-validation ...
Cross-validation complete ...
Average Accuracy (Cross-Val): 0.983
Average Standard Deviation (Cross-Val): 0.000
Training Time  (Training Data):  245.82672326173633  seconds
Prediction Time (Training Data):  2.2513641263358295  seconds
[[182224     47]
 [   273 180175]]
Training AUC-Score: 0.9991146204856213
Total memory usage:  16008.9140625 MB
[[10144  3195]
 [ 1229 12110]]
Test AUC-Score: 0.8341704775470425
Test Time taken:  0.1800392186269164 seconds
Reporting Result ...
Saved...
Done with PCA components:  125
150
Total memory usage:  16008.9140625 MB
Total memory usage:  19301.41796875 MB
(357786, 9418)
Total memory usage:  19103.47265625 MB
**********************
Creating Training data ... 
Training Dataset Shape:  (331667, 9418)
Total number of records in RDF:  331667
Total memory usage:  19116.515625 MB
X shape:  (331667, 9417)
y shape:  (331667,)
Test/Before Oversampling
Normalizing Training data ... 
Applying PCA on Training data ... 
PCA done ... 
**********************
Creating Testing data ... 
Zeroday Dataset Shape:  (26678, 9418)
Normalizing Testing data ... 
Applying PCA on Testing data ... 
PCA done ... 
[[-1.2485420e+00  2.7472921e-02  6.7285717e-01 ... -1.8551624e-03
  -1.4016877e-02 -2.2618718e-02]
 [-5.0807472e-02  1.4403763e-01 -1.5208091e-01 ... -9.5785305e-02
   2.8016949e-02  3.4636948e-02]
 [-1.6239655e+00  5.4444432e-02  5.8198571e-01 ... -3.1737138e-02
  -3.9898953e-01  4.5537889e-01]
 ...
 [-1.1517249e+00  8.0728757e-01  1.3771676e+00 ...  4.4248751e-03
  -1.6078826e-02 -2.4790119e-02]
 [-2.2237854e+00 -3.8359913e-01 -5.9835362e-01 ... -4.1737291e-03
  -8.6509586e-05 -1.1199484e-02]
 [-2.3125367e+00 -4.5110857e-01 -7.3212987e-01 ...  1.3226325e-04
   1.7961889e-03  2.8635275e-03]] [ 1 -1  1 ...  1  1  1] [[-9.8252219e-01  9.0165788e-01 -2.4958456e-02 ...  1.4785032e-02
  -6.2446576e-05  6.2540495e-03]
 [ 1.2431753e+00 -7.1951389e-01  2.9427066e-01 ... -2.1818110e-01
   1.5108924e-01  8.1870340e-02]
 [-4.5441592e-01  7.1951605e-02 -2.4663334e+00 ...  5.7236282e-03
   1.3742767e-03 -3.7715673e-03]
 ...
 [-1.9164984e+00 -6.1397207e-01  3.9147764e-01 ...  2.6968431e-03
  -8.9267170e-04  2.1876076e-03]
 [-1.4564497e+00  4.1214850e-02 -1.6742388e-02 ... -6.0237486e-02
   3.0363495e-02  7.6869442e-03]
 [ 3.8847721e+00  3.6215985e+00  1.3354935e-01 ...  7.3251524e-04
  -1.2594141e-03 -1.4725494e-03]] [ 1 -1 -1 ...  1  1 -1]
<class 'numpy.ndarray'> <class 'numpy.ndarray'> <class 'numpy.ndarray'> <class 'numpy.ndarray'>
Qboost
Number of features: 150
Number of training samples: 362719
Carrying out cross validation. Crossval:  True
Performing cross-validation using 10 values of lambda, this make take several minutes...
lambda  n_features score:
0.0000  146        0.815 
0.0013  83         0.824 
0.0026  16         0.801 
0.0039  4          0.843 
0.0052  1          0.890 
0.0065  1          0.890 
0.0078  1          0.890 
0.0091  1          0.890 
0.0104  0          0.000 
0.0117  0          0.000 
Best Classifier:  <qboost.qboost.QBoostClassifier object at 0x7f481c64b610>
Best lambda value:  0.005185185185185185
Lambda value:  0.005185185185185185
QBoost Training time in seconds : 26.202510186936706
Total memory usage:  16091.9453125 MB
Number of test samples: 26678
<class 'numpy.ndarray'>
y_pred:  [ 1. -1. -1. ...  1.  1. -1.]
QBoost Prediction time in seconds : 0.001973559148609638
[ 1. -1. -1. ...  1.  1. -1.]
[[11288  2051]
 [ 4294  9045]]
Test AUC-Score: 0.7621635804782968
Test Time taken:  0.001973559148609638 seconds
Reporting Result ...
Saved...
Random Forest
Start cross-validation ...
Cross-validation complete ...
Average Accuracy (Cross-Val): 0.983
Average Standard Deviation (Cross-Val): 0.001
Training Time  (Training Data):  268.0079747871496  seconds
Prediction Time (Training Data):  2.3191829989664257  seconds
[[182228     43]
 [   265 180183]]
Training AUC-Score: 0.9991477602090759
Total memory usage:  16071.9375 MB
[[10108  3231]
 [ 1328 12011]]
Test AUC-Score: 0.8291101281955169
Test Time taken:  0.18327878089621663 seconds
Reporting Result ...
Saved...
Done with PCA components:  150
175
Total memory usage:  16072.09765625 MB
Total memory usage:  19373.3828125 MB
(357786, 9418)
Total memory usage:  19230.703125 MB
**********************
Creating Training data ... 
Training Dataset Shape:  (331634, 9418)
Total number of records in RDF:  331634
Total memory usage:  19243.0 MB
X shape:  (331634, 9417)
y shape:  (331634,)
Test/Before Oversampling
Normalizing Training data ... 
Applying PCA on Training data ... 
PCA done ... 
**********************
Creating Testing data ... 
Zeroday Dataset Shape:  (26678, 9418)
Normalizing Testing data ... 
Applying PCA on Testing data ... 
PCA done ... 
[[-5.0570345e-01  1.0635751e+00  2.4842858e+00 ...  5.0612010e-02
   7.6862369e-03  2.8778229e-02]
 [-1.7587752e+00  1.1134314e-01  6.0690111e-01 ... -4.1539200e-02
  -5.8617987e-02  2.2222357e-02]
 [ 2.3175094e+00  8.2638770e-01 -6.9718294e-02 ...  5.9061255e-03
  -1.5416899e-03 -3.9949585e-02]
 ...
 [-2.3110933e+00 -4.0288025e-01 -6.0038340e-01 ... -2.9390075e-03
  -7.7509885e-03 -2.6035944e-03]
 [-1.4579476e+00  3.6923075e-01  1.2311552e+00 ...  4.2245681e-03
  -1.6845053e-02  1.1843246e-02]
 [-1.0943189e+00  2.2034836e-01  2.9256651e-03 ...  3.6004469e-02
  -1.5740834e-02 -9.0734236e-04]] [ 1  1 -1 ...  1  1  1] [[-7.62562096e-01  1.15490496e+00  1.01158869e+00 ... -3.49644683e-02
  -1.06565729e-02  2.70775706e-02]
 [ 5.91578603e-01 -2.29859635e-01 -5.67633629e-01 ... -1.22765109e-01
   1.55659050e-01  2.31878143e-02]
 [-1.77268708e+00 -3.45739782e-01  4.07298543e-02 ... -5.43231098e-03
  -3.24287335e-04  4.20496427e-03]
 ...
 [-4.91520703e-01 -1.18122652e-01 -7.74686217e-01 ... -7.11338082e-03
   1.12778824e-02  9.35613364e-03]
 [-1.95675120e-01 -1.80054531e-01 -1.26150429e+00 ... -9.33695212e-03
  -2.11987644e-04  1.76010025e-03]
 [ 3.87659073e+00  3.63995528e+00  1.24335006e-01 ...  5.66620030e-04
   2.07473268e-03 -2.29816558e-03]] [ 1 -1  1 ... -1 -1 -1]
<class 'numpy.ndarray'> <class 'numpy.ndarray'> <class 'numpy.ndarray'> <class 'numpy.ndarray'>
Qboost
Number of features: 175
Number of training samples: 362719
Carrying out cross validation. Crossval:  True
Performing cross-validation using 10 values of lambda, this make take several minutes...
lambda  n_features score:
0.0000  166        0.781 
0.0011  90         0.817 
0.0022  19         0.794 
0.0033  4          0.843 
0.0044  1          0.889 
0.0056  1          0.889 
0.0067  1          0.889 
0.0078  1          0.889 
0.0089  0          0.000 
0.0100  0          0.000 
Best Classifier:  <qboost.qboost.QBoostClassifier object at 0x7f481d75beb0>
Best lambda value:  0.0044444444444444444
Lambda value:  0.0044444444444444444
QBoost Training time in seconds : 29.147665071766824
Total memory usage:  16165.26171875 MB
Number of test samples: 26678
<class 'numpy.ndarray'>
y_pred:  [-1. -1.  1. ... -1. -1. -1.]
QBoost Prediction time in seconds : 0.0018679643981158733
[-1. -1.  1. ... -1. -1. -1.]
[[11288  2051]
 [ 4345  8994]]
Test AUC-Score: 0.7602518929454981
Test Time taken:  0.0018679643981158733 seconds
Reporting Result ...
Saved...
Random Forest
Start cross-validation ...
Cross-validation complete ...
Average Accuracy (Cross-Val): 0.983
Average Standard Deviation (Cross-Val): 0.000
Training Time  (Training Data):  289.21910547139123  seconds
Prediction Time (Training Data):  2.469970147125423  seconds
[[182227     44]
 [   281 180167]]
Training AUC-Score: 0.999100682939145
Total memory usage:  16181.2421875 MB
[[ 9985  3354]
 [ 1312 12027]]
Test AUC-Score: 0.825099332783567
Test Time taken:  0.1989926639944315 seconds
Reporting Result ...
Saved...
Done with PCA components:  175
200
Total memory usage:  16181.2421875 MB
Total memory usage:  19468.35546875 MB
(357786, 9418)
Total memory usage:  19380.296875 MB
**********************
Creating Training data ... 
Training Dataset Shape:  (331624, 9418)
Total number of records in RDF:  331624
Total memory usage:  19393.5859375 MB
X shape:  (331624, 9417)
y shape:  (331624,)
Test/Before Oversampling
Normalizing Training data ... 
Applying PCA on Training data ... 
PCA done ... 
**********************
Creating Testing data ... 
Zeroday Dataset Shape:  (26678, 9418)
Normalizing Testing data ... 
Applying PCA on Testing data ... 
PCA done ... 
[[-8.6428404e-01  7.9614155e-02 -6.3973826e-01 ...  3.0631388e-03
  -7.8656441e-03 -7.3698345e-03]
 [-8.7277299e-01  4.1784567e-01  1.0516073e+00 ... -2.6883623e-02
   4.9947837e-04 -2.5656886e-02]
 [-2.2780502e+00 -3.7726128e-01 -5.4775697e-01 ... -1.1721215e-03
   6.1930115e-03  2.3607900e-03]
 ...
 [-2.3177993e+00 -4.5915571e-01 -7.1977997e-01 ... -1.9863972e-03
  -1.0068486e-04 -3.2881172e-03]
 [-2.0446060e+00 -2.9182053e-01 -1.6380954e-01 ...  5.2428180e-03
   1.2583155e-02 -1.1333411e-02]
 [-1.5117501e+00 -2.1838481e-02 -2.9893541e-01 ...  3.5313028e-03
   9.0472791e-03 -1.0337177e-02]] [-1  1  1 ...  1  1  1] [[-9.5893472e-01 -2.4879256e-01  6.3858223e-01 ... -3.7722436e-03
  -6.5599883e-04  5.0245617e-03]
 [-1.7382833e+00 -4.9312207e-01  5.5924731e-01 ... -2.7846894e-03
   7.5456123e-03  9.1751264e-03]
 [ 3.5360103e+00 -2.6827033e+00  6.9100642e-01 ...  4.5355459e-04
  -4.2521046e-04 -1.5080675e-03]
 ...
 [-1.1800916e+00 -5.6286329e-01 -3.0113965e-01 ...  9.8906672e-03
  -2.3849102e-02 -7.2775856e-03]
 [-1.7391351e+00 -3.5637107e-01  1.1870244e-02 ... -9.2925632e-04
  -3.6644880e-03 -3.7233470e-04]
 [-4.5425081e-01  6.8721429e-02 -2.4562869e+00 ... -4.5508151e-03
   6.3512666e-04 -1.5831648e-03]] [ 1  1 -1 ...  1  1 -1]
<class 'numpy.ndarray'> <class 'numpy.ndarray'> <class 'numpy.ndarray'> <class 'numpy.ndarray'>
Qboost
Number of features: 200
Number of training samples: 362719
Carrying out cross validation. Crossval:  True
Performing cross-validation using 10 values of lambda, this make take several minutes...
lambda  n_features score:
0.0000  196        0.789 
0.0010  104        0.819 
0.0019  18         0.789 
0.0029  3          0.834 
0.0039  1          0.889 
0.0049  1          0.889 
0.0058  1          0.889 
0.0068  1          0.889 
0.0078  0          0.000 
0.0088  0          0.000 
Best Classifier:  <qboost.qboost.QBoostClassifier object at 0x7f4770073ee0>
Best lambda value:  0.0038888888888888888
Lambda value:  0.0038888888888888888
QBoost Training time in seconds : 31.626383529044688
Total memory usage:  16271.828125 MB
Number of test samples: 26678
<class 'numpy.ndarray'>
y_pred:  [ 1.  1. -1. ...  1.  1. -1.]
QBoost Prediction time in seconds : 0.0026168469339609146
[ 1.  1. -1. ...  1.  1. -1.]
[[11288  2051]
 [ 4317  9022]]
Test AUC-Score: 0.7613014468850737
Test Time taken:  0.0026168469339609146 seconds
Reporting Result ...
Saved...
Random Forest
Start cross-validation ...
Cross-validation complete ...
Average Accuracy (Cross-Val): 0.983
Average Standard Deviation (Cross-Val): 0.001
Training Time  (Training Data):  304.4531390010379  seconds
Prediction Time (Training Data):  2.6138467169366777  seconds
[[182232     39]
 [   275 180173]]
Training AUC-Score: 0.9991310240680153
Total memory usage:  16275.53125 MB
[[ 9737  3602]
 [ 1146 12193]]
Test AUC-Score: 0.8220256391033811
Test Time taken:  0.2086341488175094 seconds
Reporting Result ...
Saved...
Done with PCA components:  200
225
Total memory usage:  16275.5546875 MB
Total memory usage:  19566.10546875 MB
(357786, 9418)
Total memory usage:  19524.22265625 MB
**********************
Creating Training data ... 
Training Dataset Shape:  (331658, 9418)
Total number of records in RDF:  331658
Total memory usage:  19536.8359375 MB
X shape:  (331658, 9417)
y shape:  (331658,)
Test/Before Oversampling
Normalizing Training data ... 
Applying PCA on Training data ... 
PCA done ... 
**********************
Creating Testing data ... 
Zeroday Dataset Shape:  (26678, 9418)
Normalizing Testing data ... 
Applying PCA on Testing data ... 
PCA done ... 
[[-2.4434330e+00 -4.9576813e-01 -7.8047109e-01 ... -2.0222904e-03
  -6.4964117e-03  3.6954075e-02]
 [-1.5158520e+00 -3.5588491e-01 -1.1447308e+00 ...  4.3773960e-02
   1.0065219e-01 -5.6505888e-03]
 [-2.5491199e+00 -5.3726149e-01 -8.7979126e-01 ... -7.1506370e-03
   6.8052229e-04  2.8381923e-03]
 ...
 [-2.0355675e+00 -3.0406266e-01 -3.6814547e-01 ...  3.7069276e-03
  -2.6173959e-03  1.2402073e-03]
 [-2.4542570e+00 -4.9293011e-01 -7.3022914e-01 ... -1.0526411e-03
  -5.0805835e-04 -4.9189449e-04]
 [-1.4086478e+00  2.2589207e-01 -2.4739732e-01 ...  2.6397750e-02
   6.9671957e-04 -1.6260209e-02]] [ 1 -1 -1 ...  1  1  1] [[-2.0465643e+00 -4.4802806e-01  3.6040094e-01 ... -8.4605860e-04
   2.4327878e-03  6.6882797e-04]
 [ 7.8116864e-01  6.9417723e-02 -6.1585093e-01 ...  1.6334523e-02
  -4.0010732e-02  2.1268805e-03]
 [-1.9624726e-01 -1.7096539e-01 -1.2818319e+00 ...  4.0586072e-04
   6.5216832e-03 -4.2860094e-03]
 ...
 [-1.0750029e+00  7.2392589e-01  7.4372220e-01 ... -4.4708378e-03
  -1.1662316e-02  5.3909505e-03]
 [-1.1899592e+00 -3.9868516e-01 -4.0876728e-01 ... -2.1221610e-03
  -2.5916779e-03  2.5925890e-03]
 [-1.8122194e+00 -3.3877274e-01  4.8847190e-01 ...  2.0302605e-02
  -6.3223527e-03  1.3684723e-02]] [ 1 -1 -1 ...  1  1  1]
<class 'numpy.ndarray'> <class 'numpy.ndarray'> <class 'numpy.ndarray'> <class 'numpy.ndarray'>
Qboost
Number of features: 225
Number of training samples: 362719
Carrying out cross validation. Crossval:  True
Performing cross-validation using 10 values of lambda, this make take several minutes...
lambda  n_features score:
0.0000  215        0.790 
0.0009  118        0.818 
0.0017  19         0.792 
0.0026  3          0.835 
0.0035  1          0.890 
0.0043  1          0.890 
0.0052  1          0.890 
0.0060  1          0.890 
0.0069  0          0.000 
0.0078  0          0.000 
Best Classifier:  <qboost.qboost.QBoostClassifier object at 0x7f4713b6feb0>
Best lambda value:  0.0034567901234567903
Lambda value:  0.0034567901234567903
QBoost Training time in seconds : 34.15949953533709
Total memory usage:  16359.34375 MB
Number of test samples: 26678
<class 'numpy.ndarray'>
y_pred:  [ 1. -1. -1. ...  1.  1.  1.]
QBoost Prediction time in seconds : 0.0019190702587366104
[ 1. -1. -1. ...  1.  1.  1.]
[[11294  2045]
 [ 4324  9015]]
Test AUC-Score: 0.7612639628158033
Test Time taken:  0.0019190702587366104 seconds
Reporting Result ...
Saved...
Random Forest
Start cross-validation ...
Cross-validation complete ...
Average Accuracy (Cross-Val): 0.983
Average Standard Deviation (Cross-Val): 0.001
Training Time  (Training Data):  328.16889242082834  seconds
Prediction Time (Training Data):  2.9065624456852674  seconds
[[182230     41]
 [   275 180173]]
Training AUC-Score: 0.9991255377317358
Total memory usage:  16374.8671875 MB
[[ 9673  3666]
 [ 1151 12188]]
Test AUC-Score: 0.8194392383237123
Test Time taken:  0.23472923319786787 seconds
Reporting Result ...
Saved...
Done with PCA components:  225
Done
